<?xml version="1.0" encoding="UTF-8"?>
<!-- Generated by org.testng.reporters.JUnitReportReporter -->
<testsuite hostname="LAPTOP-SB97N4J4" failures="0" tests="5" name="cucumberOptions.TestNGRunner" time="0.304" errors="0" timestamp="2024-08-25T11:40:23 IST" skipped="0">
  <testcase classname="cucumberOptions.TestNGRunner" name="runScenario" time="0.012"/>
  <testcase classname="cucumberOptions.TestNGRunner" name="runScenario" time="0.009"/>
  <testcase classname="cucumberOptions.TestNGRunner" name="runScenario" time="0.006"/>
  <testcase classname="cucumberOptions.TestNGRunner" name="runScenario" time="0.007"/>
  <testcase classname="cucumberOptions.TestNGRunner" name="runScenario" time="0.270"/>
</testsuite> <!-- cucumberOptions.TestNGRunner -->
