<?xml version="1.0" encoding="UTF-8"?>
<!-- Generated by org.testng.reporters.JUnitReportReporter -->
<testsuite hostname="LAPTOP-SB97N4J4" failures="0" tests="1" name="cucumberOptions.TestNGTestRunner" time="7.810" errors="0" timestamp="2024-09-03T12:00:16 IST" skipped="0">
  <testcase classname="cucumberOptions.TestNGTestRunner" name="runScenario" time="7.810"/>
</testsuite> <!-- cucumberOptions.TestNGTestRunner -->
